[12:57:26][PluginLoader][WARNING] Plugins directory not found.
[12:57:26][ProcessManager][WARNING] Failed to read PIDs: pid-list.txt (The system cannot find the file specified)
[12:57:26][NATTCore][INFO] NATT CORE initialization done
Version: 1.7.0 
Configuration path: https://gitlab.com/ap5vs/test-config/telnet-server-config/-/raw/main/test-config-3.yaml?ref_type=heads
Configuration loading mode: FROM URL
[12:57:26][NATTCore][INFO] Working directory path: C:\Semester5\SietoveAplikacie\telnet-server-main
[12:57:26][NATTCore][INFO] Start loading of the configuration file ...
[12:57:27][NetworkIO][INFO] Yaml data has been loaded from network location (https://gitlab.com/ap5vs/test-config/telnet-server-config/-/raw/main/test-config-3.yaml?ref_type=heads)
[12:57:27][NATTCore][INFO] Configuration loading done
[12:57:27][NATTCore][INFO] Start building test structure according to the configuration ...
[12:57:27][NATTCore][INFO] Test structure ...
[12:57:27][NATTCore][INFO] Test structure building done
[12:57:27][NATTCore][INFO] Start test executing ...
[12:57:27][TestReportGenerator][INFO] Extenet reports generated. Final report will be saved to file: test_report.html
[12:57:27][NATTCore][INFO] Starts execution on the root keyword  ...
[12:57:27][MessageBuffer][INFO] Message buffer created for module with name: default
[12:57:27][ExternalProgramRunner][INFO] (default) Run external app with command: java -jar app/build/libs/app.jar 9999 5
[12:57:27][ProcessManager][INFO] New PID (23188) added to file
[12:57:27][WaitKw][INFO] Waiting: 800 ms
[12:57:28][MessageBuffer][INFO] Message buffer created for module with name: client-1
[12:57:28][TelnetClient][WARNING] (client-1) Failed to establish a connection with the host 'localhost' on port '9999'
[12:57:28][WaitKw][INFO] Waiting: 600 ms
[12:57:29][TestSuiteKw][INFO] Test case 'Test komunikace jednoho klienta 1' starts executing now
[12:57:29][WaitKw][INFO] Waiting: 900 ms
[12:57:30][NATTContext][INFO] Data has been stored in to the variable 'var-1'. Data value: 
[12:57:30][AssertEqualsKw][WARNING] Assertion failed. True was expected as the result. Condition: (Value of variable '' must equals expected text 'This is a test message')
[12:57:30][TestSuiteKw][ERROR] Test suite 'Testov√°n√≠ serveru s jedn√≠m klientem' - Test case 'Test komunikace jednoho klienta 1' failed
[12:57:30][MessageBuffer][INFO] Message buffer cleared
[12:57:30][TestSuiteKw][INFO] Test case 'Test komunikace jednoho klienta 2' starts executing now
[12:57:30][WaitKw][INFO] Waiting: 600 ms
[12:57:31][WaitKw][INFO] Waiting: 900 ms
[12:57:32][NATTContext][INFO] Data has been stored in to the variable 'var-1'. Data value: 
[12:57:32][NATTContext][INFO] Data has been stored in to the variable 'var-2'. Data value: 
[12:57:32][AssertEqualsKw][WARNING] Assertion failed. True was expected as the result. Condition: (Value of variable '' must equals expected text 'Testing message 123')
[12:57:32][AssertEqualsKw][WARNING] Assertion failed. True was expected as the result. Condition: (Value of variable '' must equals expected text 'Lorem ipsum dolor sit amet, consectetur adipiscing elit. Sed do eiusmod tempor incididunt ut labore et dolore magna aliqua.')
[12:57:32][TestSuiteKw][ERROR] Test suite 'Testov√°n√≠ serveru s jedn√≠m klientem' - Test case 'Test komunikace jednoho klienta 2' failed
[12:57:32][MessageBuffer][INFO] Message buffer cleared
[12:57:33][MessageBuffer][INFO] Message buffer cleared
[12:57:33][TelnetClient][INFO] (client-1) Telnet client [client-1] terminated
[12:57:33][TelnetClient][WARNING] (client-1) Failed to establish a connection with the host 'localhost' on port '9999'
[12:57:33][MessageBuffer][INFO] Message buffer created for module with name: client-2
[12:57:33][TelnetClient][WARNING] (client-2) Failed to establish a connection with the host 'localhost' on port '9999'
[12:57:33][MessageBuffer][INFO] Message buffer created for module with name: client-3
[12:57:33][TelnetClient][WARNING] (client-3) Failed to establish a connection with the host 'localhost' on port '9999'
[12:57:33][WaitKw][INFO] Waiting: 800 ms
[12:57:33][TestSuiteKw][INFO] Test case 'Test komunikace v√≠ce klient≈Ø 1' starts executing now
[12:57:33][WaitKw][INFO] Waiting: 900 ms
[12:57:34][NATTContext][INFO] Data has been stored in to the variable 'var-1'. Data value: 
[12:57:34][NATTContext][INFO] Data has been stored in to the variable 'var-2'. Data value: 
[12:57:34][NATTContext][INFO] Data has been stored in to the variable 'var-3'. Data value: 
[12:57:34][AssertEqualsKw][WARNING] Assertion failed. True was expected as the result. Condition: (Value of variable '' must equals expected text 'This is testing message 987654321')
[12:57:34][AssertEqualsKw][WARNING] Assertion failed. True was expected as the result. Condition: (Value of variable '' must equals expected text 'This is testing message from client #2')
[12:57:34][AssertEqualsKw][WARNING] Assertion failed. True was expected as the result. Condition: (Value of variable '' must equals expected text 'Next testing message from client 3!!')
[12:57:34][TestSuiteKw][ERROR] Test suite 'Testov√°n√≠ serveru s v√≠ce klienty' - Test case 'Test komunikace v√≠ce klient≈Ø 1' failed
[12:57:34][MessageBuffer][INFO] Message buffer cleared
[12:57:35][TestSuiteKw][INFO] Test case 'Test komunikace v√≠ce klient≈Ø 2' starts executing now
[12:57:35][WaitKw][INFO] Waiting: 1400 ms
[12:57:36][NATTContext][INFO] Data has been stored in to the variable 'var-1'. Data value: 0
[12:57:36][NATTContext][INFO] Data has been stored in to the variable 'var-2'. Data value: 0
[12:57:36][NATTContext][INFO] Data has been stored in to the variable 'var-3'. Data value: 0
[12:57:36][AssertEqualsKw][WARNING] Assertion failed. True was expected as the result. Condition: (Expected value '3.000000' must be same as the value of the variable '0')
[12:57:36][AssertEqualsKw][WARNING] Assertion failed. True was expected as the result. Condition: (Expected value '4.000000' must be same as the value of the variable '0')
[12:57:36][AssertEqualsKw][WARNING] Assertion failed. True was expected as the result. Condition: (Expected value '2.000000' must be same as the value of the variable '0')
[12:57:36][TestSuiteKw][ERROR] Test suite 'Testov√°n√≠ serveru s v√≠ce klienty' - Test case 'Test komunikace v√≠ce klient≈Ø 2' failed
[12:57:37][MessageBuffer][INFO] Message buffer cleared
[12:57:37][MessageBuffer][INFO] Message buffer cleared
[12:57:37][TelnetClient][INFO] (client-1) Telnet client [client-1] terminated
[12:57:37][TelnetClient][INFO] (client-2) Telnet client [client-2] terminated
[12:57:37][TelnetClient][INFO] (client-3) Telnet client [client-3] terminated
[12:57:37][TelnetClient][WARNING] (client-1) Failed to establish a connection with the host 'localhost' on port '9999'
[12:57:37][WaitKw][INFO] Waiting: 500 ms
[12:57:38][TelnetClient][WARNING] (client-2) Failed to establish a connection with the host 'localhost' on port '9999'
[12:57:38][WaitKw][INFO] Waiting: 500 ms
[12:57:38][TelnetClient][WARNING] (client-3) Failed to establish a connection with the host 'localhost' on port '9999'
[12:57:38][WaitKw][INFO] Waiting: 500 ms
[12:57:39][MessageBuffer][INFO] Message buffer created for module with name: client-4
[12:57:39][TelnetClient][WARNING] (client-4) Failed to establish a connection with the host 'localhost' on port '9999'
[12:57:39][WaitKw][INFO] Waiting: 500 ms
[12:57:39][MessageBuffer][INFO] Message buffer created for module with name: client-5
[12:57:39][TelnetClient][WARNING] (client-5) Failed to establish a connection with the host 'localhost' on port '9999'
[12:57:39][WaitKw][INFO] Waiting: 500 ms
[12:57:40][MessageBuffer][INFO] Message buffer created for module with name: client-6
[12:57:40][TelnetClient][WARNING] (client-6) Failed to establish a connection with the host 'localhost' on port '9999'
[12:57:40][WaitKw][INFO] Waiting: 500 ms
[12:57:40][TestSuiteKw][INFO] Test case 'Testov√°n√≠ omezen√≠ poƒ?tu klient≈Ø 1' starts executing now
[12:57:40][WaitKw][INFO] Waiting: 1200 ms
[12:57:41][NATTContext][INFO] Data has been stored in to the variable 'var-1'. Data value: 0
[12:57:42][NATTContext][INFO] Data has been stored in to the variable 'var-2'. Data value: 0
[12:57:42][AssertEqualsKw][WARNING] Assertion failed. True was expected as the result. Condition: (Expected value '2.000000' must be same as the value of the variable '0')
[12:57:42][TestSuiteKw][ERROR] Test suite 'Testov√°n√≠ omezen√≠ poƒ?tu p≈ôipojen√≠ k serveru' - Test case 'Testov√°n√≠ omezen√≠ poƒ?tu klient≈Ø 1' failed
[12:57:42][MessageBuffer][INFO] Message buffer cleared
[12:57:42][MessageBuffer][INFO] Message buffer cleared
[12:57:42][TelnetClient][INFO] (client-1) Telnet client [client-1] terminated
[12:57:42][TelnetClient][INFO] (client-2) Telnet client [client-2] terminated
[12:57:42][TelnetClient][INFO] (client-3) Telnet client [client-3] terminated
[12:57:42][TelnetClient][INFO] (client-4) Telnet client [client-4] terminated
[12:57:42][TelnetClient][INFO] (client-5) Telnet client [client-5] terminated
[12:57:42][TelnetClient][INFO] (client-6) Telnet client [client-6] terminated
[12:57:42][MessageBuffer][INFO] Message buffer cleared
[12:57:42][ExternalProgramRunner][INFO] (default) Termiting external application
[12:57:42][ProcessManager][INFO] PID (23188) removed from file
[12:57:42][NATTCore][INFO] Test executing finished
[12:57:42][NATTCore][INFO] Start generating test report
[12:57:42][ProcessManager][INFO] PID (23188) removed from file
[12:57:42][ExternalProgramRunner][WARNING] (default) External application ends with error: 1
[12:57:43][TestReportGenerator][INFO] Report saved to file
[12:57:43][NATTCore][WARNING] Failed test cases: "Test suite 'Testov√°n√≠ serveru s jedn√≠m klientem' initialization", "Test suite 'Testov√°n√≠ serveru s v√≠ce klienty' initialization", "Test suite 'Testov√°n√≠ omezen√≠ poƒ?tu p≈ôipojen√≠ k serveru' initialization", "Test komunikace jednoho klienta 1", "Test komunikace jednoho klienta 2", "Test komunikace v√≠ce klient≈Ø 1", "Test komunikace v√≠ce klient≈Ø 2", "Testov√°n√≠ omezen√≠ poƒ?tu klient≈Ø 1"
[12:57:43][NATTCore][INFO] Final score: 0.000000
[12:57:43][NATTCore][ERROR] Testing done. Leaving status: FAILED
